<?xml version="1.0" encoding="UTF-8"?>
<testng-results skipped="0" failed="0" ignored="0" total="1" passed="1">
  <reporter-output>
  </reporter-output>
  <suite name="Default suite" duration-ms="14201" started-at="2020-09-16T03:40:18Z" finished-at="2020-09-16T03:40:32Z">
    <groups>
    </groups>
    <test name="Default test" duration-ms="14201" started-at="2020-09-16T03:40:18Z" finished-at="2020-09-16T03:40:32Z">
      <class name="crmTest.LoginTest">
        <test-method status="PASS" signature="readConfig()[pri:0, instance:crmTest.LoginTest@46d56d67]" name="readConfig" is-config="true" duration-ms="8" started-at="2020-09-16T03:40:18Z" finished-at="2020-09-16T03:40:18Z">
          <reporter-output>
          </reporter-output>
        </test-method> <!-- readConfig -->
        <test-method status="PASS" signature="init()[pri:0, instance:crmTest.LoginTest@46d56d67]" name="init" is-config="true" duration-ms="8019" started-at="2020-09-16T03:40:18Z" finished-at="2020-09-16T03:40:26Z">
          <reporter-output>
          </reporter-output>
        </test-method> <!-- init -->
        <test-method status="PASS" signature="loginTest1()[pri:1, instance:crmTest.LoginTest@46d56d67]" name="loginTest1" duration-ms="5195" started-at="2020-09-16T03:40:26Z" finished-at="2020-09-16T03:40:31Z">
          <reporter-output>
          </reporter-output>
        </test-method> <!-- loginTest1 -->
        <test-method status="PASS" signature="tearDown()[pri:0, instance:crmTest.LoginTest@46d56d67]" name="tearDown" is-config="true" duration-ms="963" started-at="2020-09-16T03:40:31Z" finished-at="2020-09-16T03:40:32Z">
          <reporter-output>
          </reporter-output>
        </test-method> <!-- tearDown -->
      </class> <!-- crmTest.LoginTest -->
    </test> <!-- Default test -->
  </suite> <!-- Default suite -->
</testng-results>
